<?xml version="1.0" encoding="UTF-8"?>
<!-- Generated by org.testng.reporters.JUnitXMLReporter -->
<testsuite ignored="0" hostname="DESKTOP-T7IHCJ8" failures="0" tests="3" name="Test_chrome" time="36.278" errors="0" timestamp="2024-02-01T19:02:59 IST">
  <testcase classname="testCases.LoginTest" name="loginFunctionalityTest" time="3.784"/>
  <testcase classname="testCases.LoginTest" name="loginFunctionalityTest" time="3.447"/>
  <testcase classname="testCases.LoginTest" name="loginFunctionalityTest" time="3.603"/>
</testsuite> <!-- Test_chrome -->
