<?xml version="1.0" encoding="UTF-8"?>
<!-- Generated by org.testng.reporters.JUnitXMLReporter -->
<testsuite ignored="0" hostname="DESKTOP-T7IHCJ8" failures="0" tests="3" name="Test" time="27.503" errors="0" timestamp="2024-01-28T16:52:31 IST">
  <testcase classname="testCases.LoginTest" name="loginFunctionalityTest" time="3.435"/>
  <testcase classname="testCases.LoginTest" name="loginFunctionalityTest" time="3.3"/>
  <testcase classname="testCases.LoginTest" name="loginFunctionalityTest" time="3.285"/>
</testsuite> <!-- Test -->
