<?xml version="1.0" encoding="UTF-8"?>
<testsuite xmlns:xsi="http://www.w3.org/2001/XMLSchema-instance" xsi:noNamespaceSchemaLocation="https://maven.apache.org/surefire/maven-surefire-plugin/xsd/surefire-test-report-3.0.xsd" version="3.0" name="TestSuite" time="32.447" tests="3" errors="0" skipped="0" failures="0">
  <properties>
[...]
</properties>
  <testcase name="loginFunctionalityTest[standard_user, secret_sauce, valid](1)" classname="testCases.LoginTest" time="3.58">
    <system-out><![CDATA[getLastRowNum3
getLastCellNum3
Values of k: 0
3
Values at arr[0][0]standard_user
Values at arr[0][1]secret_sauce
Values at arr[0][2]valid
Values of k: 1
3
Values at arr[1][0]locked_out_user
Values at arr[1][1]secret_sauce
Values at arr[1][2]invalid
Values of k: 2
3
Values at arr[2][0]problem_user
Values at arr[2][1]secret_sauce
Values at arr[2][2]invalid
Values at arr[0][0] is standard_user
Values at arr[0][1] is secret_sauce
Values at arr[0][2] is valid
Values at arr[1][0] is locked_out_user
Values at arr[1][1] is secret_sauce
Values at arr[1][2] is invalid
Values at arr[2][0] is problem_user
Values at arr[2][1] is secret_sauce
Values at arr[2][2] is invalid
standard_user
secret_sauce
]]></system-out>
    <system-err><![CDATA[SLF4J: Failed to load class "org.slf4j.impl.StaticLoggerBinder".
SLF4J: Defaulting to no-operation (NOP) logger implementation
SLF4J: See http://www.slf4j.org/codes.html#StaticLoggerBinder for further details.
]]></system-err>
  </testcase>
  <testcase name="loginFunctionalityTest[locked_out_user, secret_sauce, invalid](2)" classname="testCases.LoginTest" time="3.757">
    <system-out><![CDATA[locked_out_user
secret_sauce
]]></system-out>
  </testcase>
  <testcase name="loginFunctionalityTest[problem_user, secret_sauce, invalid](3)" classname="testCases.LoginTest" time="4.108">
    <system-out><![CDATA[problem_user
secret_sauce
]]></system-out>
  </testcase>
</testsuite>