<?xml version="1.0" encoding="UTF-8"?>
<testng-results ignored="0" total="3" passed="3" failed="0" skipped="0">
  <reporter-output>
  </reporter-output>
  <suite started-at="2024-02-01T19:22:56 IST" name="Parallel Test Suite" finished-at="2024-02-01T19:23:26 IST" duration-ms="30091">
    <groups>
    </groups>
    <test started-at="2024-02-01T19:22:56 IST" name="Test_chrome" finished-at="2024-02-01T19:23:26 IST" duration-ms="30091">
      <class name="testCases.LoginTest">
        <test-method is-config="true" signature="setUp(java.lang.String)[pri:0, instance:testCases.LoginTest@76a4ebf2]" started-at="2024-02-01T19:22:57 IST" name="setUp" finished-at="2024-02-01T19:23:00 IST" duration-ms="3053" status="PASS">
          <params>
            <param index="0">
              <value>
                <![CDATA[edge]]>
              </value>
            </param>
          </params>
          <reporter-output>
          </reporter-output>
        </test-method> <!-- setUp -->
        <test-method is-config="true" signature="enterUTL()[pri:0, instance:testCases.LoginTest@76a4ebf2]" started-at="2024-02-01T19:23:03 IST" name="enterUTL" finished-at="2024-02-01T19:23:07 IST" duration-ms="4555" status="PASS">
          <reporter-output>
          </reporter-output>
        </test-method> <!-- enterUTL -->
        <test-method signature="loginFunctionalityTest(java.lang.String,java.lang.String,java.lang.String)[pri:0, instance:testCases.LoginTest@76a4ebf2]" started-at="2024-02-01T19:23:07 IST" name="loginFunctionalityTest" data-provider="loginDetails" finished-at="2024-02-01T19:23:11 IST" duration-ms="3555" status="PASS">
          <params>
            <param index="0">
              <value>
                <![CDATA[standard_user]]>
              </value>
            </param>
            <param index="1">
              <value>
                <![CDATA[secret_sauce]]>
              </value>
            </param>
            <param index="2">
              <value>
                <![CDATA[valid]]>
              </value>
            </param>
          </params>
          <reporter-output>
          </reporter-output>
        </test-method> <!-- loginFunctionalityTest -->
        <test-method is-config="true" signature="enterUTL()[pri:0, instance:testCases.LoginTest@76a4ebf2]" started-at="2024-02-01T19:23:11 IST" name="enterUTL" finished-at="2024-02-01T19:23:14 IST" duration-ms="3756" status="PASS">
          <reporter-output>
          </reporter-output>
        </test-method> <!-- enterUTL -->
        <test-method signature="loginFunctionalityTest(java.lang.String,java.lang.String,java.lang.String)[pri:0, instance:testCases.LoginTest@76a4ebf2]" started-at="2024-02-01T19:23:14 IST" name="loginFunctionalityTest" data-provider="loginDetails" finished-at="2024-02-01T19:23:18 IST" duration-ms="3755" status="PASS">
          <params>
            <param index="0">
              <value>
                <![CDATA[locked_out_user]]>
              </value>
            </param>
            <param index="1">
              <value>
                <![CDATA[secret_sauce]]>
              </value>
            </param>
            <param index="2">
              <value>
                <![CDATA[invalid]]>
              </value>
            </param>
          </params>
          <reporter-output>
          </reporter-output>
        </test-method> <!-- loginFunctionalityTest -->
        <test-method is-config="true" signature="enterUTL()[pri:0, instance:testCases.LoginTest@76a4ebf2]" started-at="2024-02-01T19:23:18 IST" name="enterUTL" finished-at="2024-02-01T19:23:21 IST" duration-ms="3194" status="PASS">
          <reporter-output>
          </reporter-output>
        </test-method> <!-- enterUTL -->
        <test-method signature="loginFunctionalityTest(java.lang.String,java.lang.String,java.lang.String)[pri:0, instance:testCases.LoginTest@76a4ebf2]" started-at="2024-02-01T19:23:21 IST" name="loginFunctionalityTest" data-provider="loginDetails" finished-at="2024-02-01T19:23:25 IST" duration-ms="4107" status="PASS">
          <params>
            <param index="0">
              <value>
                <![CDATA[problem_user]]>
              </value>
            </param>
            <param index="1">
              <value>
                <![CDATA[secret_sauce]]>
              </value>
            </param>
            <param index="2">
              <value>
                <![CDATA[invalid]]>
              </value>
            </param>
          </params>
          <reporter-output>
          </reporter-output>
        </test-method> <!-- loginFunctionalityTest -->
        <test-method is-config="true" signature="tearDown()[pri:0, instance:testCases.LoginTest@76a4ebf2]" started-at="2024-02-01T19:23:25 IST" name="tearDown" finished-at="2024-02-01T19:23:26 IST" duration-ms="1036" status="PASS">
          <reporter-output>
          </reporter-output>
        </test-method> <!-- tearDown -->
      </class> <!-- testCases.LoginTest -->
    </test> <!-- Test_chrome -->
  </suite> <!-- Parallel Test Suite -->
</testng-results>
