<?xml version="1.0" encoding="UTF-8"?>
<!-- Generated by org.testng.reporters.JUnitXMLReporter -->
<testsuite ignored="0" hostname="DESKTOP-T7IHCJ8" failures="0" tests="3" name="Test_chrome" time="30.091" errors="0" timestamp="2024-02-01T19:23:27 IST">
  <testcase classname="testCases.LoginTest" name="loginFunctionalityTest" time="3.555"/>
  <testcase classname="testCases.LoginTest" name="loginFunctionalityTest" time="3.755"/>
  <testcase classname="testCases.LoginTest" name="loginFunctionalityTest" time="4.107"/>
</testsuite> <!-- Test_chrome -->
