<?xml version="1.0" encoding="UTF-8"?>
<testng-results ignored="0" total="3" passed="3" failed="0" skipped="0">
  <reporter-output>
  </reporter-output>
  <suite started-at="2024-02-01T19:02:22 IST" name="Parallel Test Suite" finished-at="2024-02-01T19:02:59 IST" duration-ms="36278">
    <groups>
    </groups>
    <test started-at="2024-02-01T19:02:22 IST" name="Test_chrome" finished-at="2024-02-01T19:02:59 IST" duration-ms="36278">
      <class name="testCases.LoginTest">
        <test-method is-config="true" signature="setUp(java.lang.String)[pri:0, instance:testCases.LoginTest@4145bad8]" started-at="2024-02-01T19:02:23 IST" name="setUp" finished-at="2024-02-01T19:02:31 IST" duration-ms="7711" status="PASS">
          <params>
            <param index="0">
              <value>
                <![CDATA[edge]]>
              </value>
            </param>
          </params>
          <reporter-output>
          </reporter-output>
        </test-method> <!-- setUp -->
        <test-method is-config="true" signature="enterUTL()[pri:0, instance:testCases.LoginTest@4145bad8]" started-at="2024-02-01T19:02:36 IST" name="enterUTL" finished-at="2024-02-01T19:02:41 IST" duration-ms="4668" status="PASS">
          <reporter-output>
          </reporter-output>
        </test-method> <!-- enterUTL -->
        <test-method signature="loginFunctionalityTest(java.lang.String,java.lang.String,java.lang.String)[pri:0, instance:testCases.LoginTest@4145bad8]" started-at="2024-02-01T19:02:41 IST" name="loginFunctionalityTest" data-provider="loginDetails" finished-at="2024-02-01T19:02:45 IST" duration-ms="3784" status="PASS">
          <params>
            <param index="0">
              <value>
                <![CDATA[standard_user]]>
              </value>
            </param>
            <param index="1">
              <value>
                <![CDATA[secret_sauce]]>
              </value>
            </param>
            <param index="2">
              <value>
                <![CDATA[valid]]>
              </value>
            </param>
          </params>
          <reporter-output>
          </reporter-output>
        </test-method> <!-- loginFunctionalityTest -->
        <test-method is-config="true" signature="enterUTL()[pri:0, instance:testCases.LoginTest@4145bad8]" started-at="2024-02-01T19:02:45 IST" name="enterUTL" finished-at="2024-02-01T19:02:48 IST" duration-ms="3241" status="PASS">
          <reporter-output>
          </reporter-output>
        </test-method> <!-- enterUTL -->
        <test-method signature="loginFunctionalityTest(java.lang.String,java.lang.String,java.lang.String)[pri:0, instance:testCases.LoginTest@4145bad8]" started-at="2024-02-01T19:02:48 IST" name="loginFunctionalityTest" data-provider="loginDetails" finished-at="2024-02-01T19:02:51 IST" duration-ms="3447" status="PASS">
          <params>
            <param index="0">
              <value>
                <![CDATA[locked_out_user]]>
              </value>
            </param>
            <param index="1">
              <value>
                <![CDATA[secret_sauce]]>
              </value>
            </param>
            <param index="2">
              <value>
                <![CDATA[invalid]]>
              </value>
            </param>
          </params>
          <reporter-output>
          </reporter-output>
        </test-method> <!-- loginFunctionalityTest -->
        <test-method is-config="true" signature="enterUTL()[pri:0, instance:testCases.LoginTest@4145bad8]" started-at="2024-02-01T19:02:51 IST" name="enterUTL" finished-at="2024-02-01T19:02:55 IST" duration-ms="3179" status="PASS">
          <reporter-output>
          </reporter-output>
        </test-method> <!-- enterUTL -->
        <test-method signature="loginFunctionalityTest(java.lang.String,java.lang.String,java.lang.String)[pri:0, instance:testCases.LoginTest@4145bad8]" started-at="2024-02-01T19:02:55 IST" name="loginFunctionalityTest" data-provider="loginDetails" finished-at="2024-02-01T19:02:58 IST" duration-ms="3603" status="PASS">
          <params>
            <param index="0">
              <value>
                <![CDATA[problem_user]]>
              </value>
            </param>
            <param index="1">
              <value>
                <![CDATA[secret_sauce]]>
              </value>
            </param>
            <param index="2">
              <value>
                <![CDATA[invalid]]>
              </value>
            </param>
          </params>
          <reporter-output>
          </reporter-output>
        </test-method> <!-- loginFunctionalityTest -->
        <test-method is-config="true" signature="tearDown()[pri:0, instance:testCases.LoginTest@4145bad8]" started-at="2024-02-01T19:02:58 IST" name="tearDown" finished-at="2024-02-01T19:02:59 IST" duration-ms="436" status="PASS">
          <reporter-output>
          </reporter-output>
        </test-method> <!-- tearDown -->
      </class> <!-- testCases.LoginTest -->
    </test> <!-- Test_chrome -->
  </suite> <!-- Parallel Test Suite -->
</testng-results>
